2025-07-07 08:03:56,039 INFO root 🚀 启动 WealthLite 应用...
2025-07-07 08:03:56,039 INFO root 📍 API服务器地址: http://127.0.0.1:8080
2025-07-07 08:03:56,040 INFO root 📍 前端页面地址: http://127.0.0.1:8080/static/index.html
2025-07-07 08:03:56,040 INFO root 📁 工作目录: E:\Work\workspace\wealth_lite
2025-07-07 08:03:56,041 INFO root 
💡 提示:
2025-07-07 08:03:56,041 INFO root   - 应用将自动在浏览器中打开
2025-07-07 08:03:56,041 INFO root   - 按 Ctrl+C 停止应用
2025-07-07 08:03:56,042 INFO root   - 数据保存在 user_data/ 目录
2025-07-07 08:03:56,042 INFO root 
==================================================
2025-07-07 08:03:56,054 DEBUG asyncio Using proactor: IocpProactor
2025-07-07 08:03:56,375 INFO wealth_lite.data.database 数据表创建完成
2025-07-07 08:03:56,376 INFO wealth_lite.data.database 索引创建完成
2025-07-07 08:03:56,377 INFO wealth_lite.data.database 数据库初始化完成: user_data\wealth_lite_dev.db
2025-07-07 08:03:56,379 INFO wealth_lite.data.database 数据表创建完成
2025-07-07 08:03:56,380 INFO wealth_lite.data.database 索引创建完成
2025-07-07 08:03:56,380 INFO wealth_lite.data.database 数据库初始化完成: user_data\wealth_lite_dev.db
2025-07-07 08:03:56,390 INFO root ✅ 枚举文件生成成功: src\wealth_lite\ui\app\data\enums.json
2025-07-07 08:03:56,390 INFO root ✅ 前端枚举文件生成成功
2025-07-07 08:03:56,390 INFO root ✅ 数据库服务初始化成功
2025-07-07 08:03:58,737 INFO root 🔄 开始获取仪表板数据...
2025-07-07 08:03:58,772 INFO root ✅ 获取到投资组合，包含 4 个持仓
2025-07-07 08:03:58,773 INFO root 📊 总资产: 4544000
2025-07-07 08:03:58,773 INFO root 💰 现金资产: 1022000, 固定收益: 3522000
2025-07-07 08:03:58,774 INFO root 📈 处理持仓: 工行尊益基金, 状态: PositionStatus.ACTIVE, 收益: 37717.808219178086001369863
2025-07-07 08:03:58,775 INFO root 📈 处理持仓: 活期-人民币, 状态: PositionStatus.ACTIVE, 收益: 0
2025-07-07 08:03:58,775 INFO root 📈 处理持仓: 浦发三年定期, 状态: PositionStatus.ACTIVE, 收益: 26284.931506849316021917808
2025-07-07 08:03:58,776 INFO root 📈 处理持仓: 浦发理财一年, 状态: PositionStatus.MATURED, 收益: 22000
2025-07-07 08:03:58,777 INFO root ✅ 成功处理 4 个持仓
2025-07-07 08:04:51,261 INFO root 🔄 开始获取仪表板数据...
2025-07-07 08:04:51,276 INFO root ✅ 获取到投资组合，包含 4 个持仓
2025-07-07 08:04:51,276 INFO root 📊 总资产: 4544000
2025-07-07 08:04:51,276 INFO root 💰 现金资产: 1022000, 固定收益: 3522000
2025-07-07 08:04:51,277 INFO root 📈 处理持仓: 工行尊益基金, 状态: PositionStatus.ACTIVE, 收益: 37717.808219178086001369863
2025-07-07 08:04:51,278 INFO root 📈 处理持仓: 活期-人民币, 状态: PositionStatus.ACTIVE, 收益: 0
2025-07-07 08:04:51,279 INFO root 📈 处理持仓: 浦发三年定期, 状态: PositionStatus.ACTIVE, 收益: 26284.931506849316021917808
2025-07-07 08:04:51,280 INFO root 📈 处理持仓: 浦发理财一年, 状态: PositionStatus.MATURED, 收益: 22000
2025-07-07 08:04:51,280 INFO root ✅ 成功处理 4 个持仓
2025-07-07 08:04:58,516 INFO root 🔄 开始获取仪表板数据...
2025-07-07 08:04:58,534 INFO root ✅ 获取到投资组合，包含 4 个持仓
2025-07-07 08:04:58,535 INFO root 📊 总资产: 4542000
2025-07-07 08:04:58,535 INFO root 💰 现金资产: 1020000, 固定收益: 3522000
2025-07-07 08:04:58,536 INFO root 📈 处理持仓: 工行尊益基金, 状态: PositionStatus.ACTIVE, 收益: 37717.808219178086001369863
2025-07-07 08:04:58,536 INFO root 📈 处理持仓: 活期-人民币, 状态: PositionStatus.ACTIVE, 收益: 0
2025-07-07 08:04:58,538 INFO root 📈 处理持仓: 浦发三年定期, 状态: PositionStatus.ACTIVE, 收益: 26284.931506849316021917808
2025-07-07 08:04:58,539 INFO root 📈 处理持仓: 浦发理财一年, 状态: PositionStatus.MATURED, 收益: 22000
2025-07-07 08:04:58,539 INFO root ✅ 成功处理 4 个持仓
2025-07-07 08:05:09,184 INFO root 🔄 开始获取仪表板数据...
2025-07-07 08:05:09,202 INFO root ✅ 获取到投资组合，包含 4 个持仓
2025-07-07 08:05:09,202 INFO root 📊 总资产: 4542000
2025-07-07 08:05:09,203 INFO root 💰 现金资产: 1020000, 固定收益: 3522000
2025-07-07 08:05:09,203 INFO root 📈 处理持仓: 工行尊益基金, 状态: PositionStatus.ACTIVE, 收益: 37717.808219178086001369863
2025-07-07 08:05:09,204 INFO root 📈 处理持仓: 活期-人民币, 状态: PositionStatus.ACTIVE, 收益: 0
2025-07-07 08:05:09,205 INFO root 📈 处理持仓: 浦发三年定期, 状态: PositionStatus.ACTIVE, 收益: 26284.931506849316021917808
2025-07-07 08:05:09,206 INFO root 📈 处理持仓: 浦发理财一年, 状态: PositionStatus.MATURED, 收益: 22000
2025-07-07 08:05:09,206 INFO root ✅ 成功处理 4 个持仓
2025-07-07 08:05:39,682 INFO root 🔄 开始获取仪表板数据...
2025-07-07 08:05:39,701 INFO root ✅ 获取到投资组合，包含 4 个持仓
2025-07-07 08:05:39,702 INFO root 📊 总资产: 4492000
2025-07-07 08:05:39,702 INFO root 💰 现金资产: 970000, 固定收益: 3522000
2025-07-07 08:05:39,703 INFO root 📈 处理持仓: 工行尊益基金, 状态: PositionStatus.ACTIVE, 收益: 37717.808219178086001369863
2025-07-07 08:05:39,703 INFO root 📈 处理持仓: 活期-人民币, 状态: PositionStatus.ACTIVE, 收益: 0
2025-07-07 08:05:39,704 INFO root 📈 处理持仓: 浦发三年定期, 状态: PositionStatus.ACTIVE, 收益: 26284.931506849316021917808
2025-07-07 08:05:39,705 INFO root 📈 处理持仓: 浦发理财一年, 状态: PositionStatus.MATURED, 收益: 22000
2025-07-07 08:05:39,706 INFO root ✅ 成功处理 4 个持仓
2025-07-07 08:05:43,363 INFO root 🔄 开始获取仪表板数据...
2025-07-07 08:05:43,384 INFO root ✅ 获取到投资组合，包含 4 个持仓
2025-07-07 08:05:43,384 INFO root 📊 总资产: 4492000
2025-07-07 08:05:43,385 INFO root 💰 现金资产: 970000, 固定收益: 3522000
2025-07-07 08:05:43,385 INFO root 📈 处理持仓: 工行尊益基金, 状态: PositionStatus.ACTIVE, 收益: 37717.808219178086001369863
2025-07-07 08:05:43,386 INFO root 📈 处理持仓: 活期-人民币, 状态: PositionStatus.ACTIVE, 收益: 0
2025-07-07 08:05:43,387 INFO root 📈 处理持仓: 浦发三年定期, 状态: PositionStatus.ACTIVE, 收益: 26284.931506849316021917808
2025-07-07 08:05:43,387 INFO root 📈 处理持仓: 浦发理财一年, 状态: PositionStatus.MATURED, 收益: 22000
2025-07-07 08:05:43,388 INFO root ✅ 成功处理 4 个持仓
2025-07-07 08:05:56,083 INFO root 🔄 开始获取仪表板数据...
2025-07-07 08:05:56,098 INFO root ✅ 获取到投资组合，包含 4 个持仓
2025-07-07 08:05:56,099 INFO root 📊 总资产: 4544000
2025-07-07 08:05:56,099 INFO root 💰 现金资产: 1022000, 固定收益: 3522000
2025-07-07 08:05:56,099 INFO root 📈 处理持仓: 工行尊益基金, 状态: PositionStatus.ACTIVE, 收益: 37717.808219178086001369863
2025-07-07 08:05:56,100 INFO root 📈 处理持仓: 活期-人民币, 状态: PositionStatus.ACTIVE, 收益: 0
2025-07-07 08:05:56,101 INFO root 📈 处理持仓: 浦发三年定期, 状态: PositionStatus.ACTIVE, 收益: 26284.931506849316021917808
2025-07-07 08:05:56,102 INFO root 📈 处理持仓: 浦发理财一年, 状态: PositionStatus.MATURED, 收益: 22000
2025-07-07 08:05:56,102 INFO root ✅ 成功处理 4 个持仓
2025-07-07 08:06:37,706 INFO root 🔄 开始获取仪表板数据...
2025-07-07 08:06:37,720 INFO root ✅ 获取到投资组合，包含 4 个持仓
2025-07-07 08:06:37,721 INFO root 📊 总资产: 4544000
2025-07-07 08:06:37,721 INFO root 💰 现金资产: 1022000, 固定收益: 3522000
2025-07-07 08:06:37,722 INFO root 📈 处理持仓: 工行尊益基金, 状态: PositionStatus.ACTIVE, 收益: 37717.808219178086001369863
2025-07-07 08:06:37,723 INFO root 📈 处理持仓: 活期-人民币, 状态: PositionStatus.ACTIVE, 收益: 0
2025-07-07 08:06:37,723 INFO root 📈 处理持仓: 浦发三年定期, 状态: PositionStatus.ACTIVE, 收益: 26284.931506849316021917808
2025-07-07 08:06:37,724 INFO root 📈 处理持仓: 浦发理财一年, 状态: PositionStatus.MATURED, 收益: 22000
2025-07-07 08:06:37,725 INFO root ✅ 成功处理 4 个持仓
2025-07-07 08:15:29,965 INFO root 🚀 启动 WealthLite 应用...
2025-07-07 08:15:29,966 INFO root 📍 API服务器地址: http://127.0.0.1:8080
2025-07-07 08:15:29,966 INFO root 📍 前端页面地址: http://127.0.0.1:8080/static/index.html
2025-07-07 08:15:29,966 INFO root 📁 工作目录: E:\Work\workspace\wealth_lite
2025-07-07 08:15:29,967 INFO root 
💡 提示:
2025-07-07 08:15:29,967 INFO root   - 应用将自动在浏览器中打开
2025-07-07 08:15:29,968 INFO root   - 按 Ctrl+C 停止应用
2025-07-07 08:15:29,968 INFO root   - 数据保存在 user_data/ 目录
2025-07-07 08:15:29,968 INFO root 
==================================================
2025-07-07 08:15:29,973 DEBUG asyncio Using proactor: IocpProactor
2025-07-07 08:15:30,043 INFO wealth_lite.data.database 数据表创建完成
2025-07-07 08:15:30,044 INFO wealth_lite.data.database 索引创建完成
2025-07-07 08:15:30,045 INFO wealth_lite.data.database 数据库初始化完成: user_data\wealth_lite_dev.db
2025-07-07 08:15:30,046 INFO wealth_lite.data.database 数据表创建完成
2025-07-07 08:15:30,047 INFO wealth_lite.data.database 索引创建完成
2025-07-07 08:15:30,048 INFO wealth_lite.data.database 数据库初始化完成: user_data\wealth_lite_dev.db
2025-07-07 08:15:30,051 INFO root ✅ 枚举文件生成成功: src\wealth_lite\ui\app\data\enums.json
2025-07-07 08:15:30,052 INFO root ✅ 前端枚举文件生成成功
2025-07-07 08:15:30,052 INFO root ✅ 数据库服务初始化成功
2025-07-07 08:15:32,713 INFO root 🔄 开始获取仪表板数据...
2025-07-07 08:15:32,737 INFO root ✅ 获取到投资组合，包含 4 个持仓
2025-07-07 08:15:32,738 INFO root 📊 总资产: 4544000
2025-07-07 08:15:32,739 INFO root 💰 现金资产: 1022000, 固定收益: 3522000
2025-07-07 08:15:32,739 INFO root 📈 处理持仓: 工行尊益基金, 状态: PositionStatus.ACTIVE, 收益: 37717.808219178086001369863
2025-07-07 08:15:32,741 INFO root 📈 处理持仓: 活期-人民币, 状态: PositionStatus.ACTIVE, 收益: 0
2025-07-07 08:15:32,741 INFO root 📈 处理持仓: 浦发三年定期, 状态: PositionStatus.ACTIVE, 收益: 26284.931506849316021917808
2025-07-07 08:15:32,743 INFO root 📈 处理持仓: 浦发理财一年, 状态: PositionStatus.MATURED, 收益: 22000
2025-07-07 08:15:32,743 INFO root ✅ 成功处理 4 个持仓
2025-07-07 08:15:43,957 INFO root 🔄 开始获取仪表板数据...
2025-07-07 08:15:43,974 INFO root ✅ 获取到投资组合，包含 4 个持仓
2025-07-07 08:15:43,974 INFO root 📊 总资产: 4544000
2025-07-07 08:15:43,975 INFO root 💰 现金资产: 1022000, 固定收益: 3522000
2025-07-07 08:15:43,975 INFO root 📈 处理持仓: 工行尊益基金, 状态: PositionStatus.ACTIVE, 收益: 37717.808219178086001369863
2025-07-07 08:15:43,976 INFO root 📈 处理持仓: 活期-人民币, 状态: PositionStatus.ACTIVE, 收益: 0
2025-07-07 08:15:43,976 INFO root 📈 处理持仓: 浦发三年定期, 状态: PositionStatus.ACTIVE, 收益: 26284.931506849316021917808
2025-07-07 08:15:43,977 INFO root 📈 处理持仓: 浦发理财一年, 状态: PositionStatus.MATURED, 收益: 22000
2025-07-07 08:15:43,978 INFO root ✅ 成功处理 4 个持仓
2025-07-07 08:18:12,032 INFO root 🚀 启动 WealthLite 应用...
2025-07-07 08:18:12,033 INFO root 📍 API服务器地址: http://127.0.0.1:8080
2025-07-07 08:18:12,033 INFO root 📍 前端页面地址: http://127.0.0.1:8080/static/index.html
2025-07-07 08:18:12,034 INFO root 📁 工作目录: E:\Work\workspace\wealth_lite
2025-07-07 08:18:12,034 INFO root 
💡 提示:
2025-07-07 08:18:12,034 INFO root   - 应用将自动在浏览器中打开
2025-07-07 08:18:12,035 INFO root   - 按 Ctrl+C 停止应用
2025-07-07 08:18:12,035 INFO root   - 数据保存在 user_data/ 目录
2025-07-07 08:18:12,035 INFO root 
==================================================
2025-07-07 08:18:12,041 DEBUG asyncio Using proactor: IocpProactor
2025-07-07 08:18:12,104 INFO wealth_lite.data.database 数据表创建完成
2025-07-07 08:18:12,105 INFO wealth_lite.data.database 索引创建完成
2025-07-07 08:18:12,105 INFO wealth_lite.data.database 数据库初始化完成: user_data\wealth_lite_dev.db
2025-07-07 08:18:12,107 INFO wealth_lite.data.database 数据表创建完成
2025-07-07 08:18:12,108 INFO wealth_lite.data.database 索引创建完成
2025-07-07 08:18:12,108 INFO wealth_lite.data.database 数据库初始化完成: user_data\wealth_lite_dev.db
2025-07-07 08:18:12,110 INFO root ✅ 枚举文件生成成功: src\wealth_lite\ui\app\data\enums.json
2025-07-07 08:18:12,111 INFO root ✅ 前端枚举文件生成成功
2025-07-07 08:18:12,111 INFO root ✅ 数据库服务初始化成功
2025-07-07 08:18:14,686 INFO root 🔄 开始获取仪表板数据...
2025-07-07 08:18:14,713 INFO root ✅ 获取到投资组合，包含 4 个持仓
2025-07-07 08:18:14,714 INFO root 📊 总资产: 4544000
2025-07-07 08:18:14,714 INFO root 💰 现金资产: 1022000, 固定收益: 3522000
2025-07-07 08:18:14,715 INFO root 📈 处理持仓: 工行尊益基金, 状态: PositionStatus.ACTIVE, 收益: 37717.808219178086001369863
2025-07-07 08:18:14,715 INFO root 📈 处理持仓: 活期-人民币, 状态: PositionStatus.ACTIVE, 收益: 0
2025-07-07 08:18:14,716 INFO root 📈 处理持仓: 浦发三年定期, 状态: PositionStatus.ACTIVE, 收益: 26284.931506849316021917808
2025-07-07 08:18:14,717 INFO root 📈 处理持仓: 浦发理财一年, 状态: PositionStatus.MATURED, 收益: 22000
2025-07-07 08:18:14,717 INFO root ✅ 成功处理 4 个持仓
2025-07-07 08:18:25,699 INFO root 🔄 开始获取仪表板数据...
2025-07-07 08:18:25,715 INFO root ✅ 获取到投资组合，包含 4 个持仓
2025-07-07 08:18:25,715 INFO root 📊 总资产: 4534000
2025-07-07 08:18:25,716 INFO root 💰 现金资产: 1022000, 固定收益: 3512000
2025-07-07 08:18:25,716 INFO root 📈 处理持仓: 工行尊益基金, 状态: PositionStatus.ACTIVE, 收益: 37717.808219178086001369863
2025-07-07 08:18:25,717 INFO root 📈 处理持仓: 活期-人民币, 状态: PositionStatus.ACTIVE, 收益: 0
2025-07-07 08:18:25,718 INFO root 📈 处理持仓: 浦发三年定期, 状态: PositionStatus.ACTIVE, 收益: 26284.931506849316021917808
2025-07-07 08:18:25,719 INFO root 📈 处理持仓: 浦发理财一年, 状态: PositionStatus.MATURED, 收益: 22000
2025-07-07 08:18:25,719 INFO root ✅ 成功处理 4 个持仓
2025-07-07 08:18:29,850 INFO root 🔄 开始获取仪表板数据...
2025-07-07 08:18:29,866 INFO root ✅ 获取到投资组合，包含 4 个持仓
2025-07-07 08:18:29,866 INFO root 📊 总资产: 4534000
2025-07-07 08:18:29,867 INFO root 💰 现金资产: 1022000, 固定收益: 3512000
2025-07-07 08:18:29,867 INFO root 📈 处理持仓: 工行尊益基金, 状态: PositionStatus.ACTIVE, 收益: 37717.808219178086001369863
2025-07-07 08:18:29,868 INFO root 📈 处理持仓: 活期-人民币, 状态: PositionStatus.ACTIVE, 收益: 0
2025-07-07 08:18:29,869 INFO root 📈 处理持仓: 浦发三年定期, 状态: PositionStatus.ACTIVE, 收益: 26284.931506849316021917808
2025-07-07 08:18:29,870 INFO root 📈 处理持仓: 浦发理财一年, 状态: PositionStatus.MATURED, 收益: 22000
2025-07-07 08:18:29,871 INFO root ✅ 成功处理 4 个持仓
2025-07-07 08:18:41,717 INFO root 🔄 开始获取仪表板数据...
2025-07-07 08:18:41,733 INFO root ✅ 获取到投资组合，包含 4 个持仓
2025-07-07 08:18:41,734 INFO root 📊 总资产: 4431778
2025-07-07 08:18:41,734 INFO root 💰 现金资产: 1022000, 固定收益: 3409778
2025-07-07 08:18:41,735 INFO root 📈 处理持仓: 工行尊益基金, 状态: PositionStatus.ACTIVE, 收益: 37717.808219178086001369863
2025-07-07 08:18:41,736 INFO root 📈 处理持仓: 活期-人民币, 状态: PositionStatus.ACTIVE, 收益: 0
2025-07-07 08:18:41,736 INFO root 📈 处理持仓: 浦发三年定期, 状态: PositionStatus.ACTIVE, 收益: 26284.931506849316021917808
2025-07-07 08:18:41,737 INFO root 📈 处理持仓: 浦发理财一年, 状态: PositionStatus.MATURED, 收益: 22000
2025-07-07 08:18:41,738 INFO root ✅ 成功处理 4 个持仓
2025-07-07 08:18:44,570 INFO root 🔄 开始获取仪表板数据...
2025-07-07 08:18:44,587 INFO root ✅ 获取到投资组合，包含 4 个持仓
2025-07-07 08:18:44,587 INFO root 📊 总资产: 4431778
2025-07-07 08:18:44,588 INFO root 💰 现金资产: 1022000, 固定收益: 3409778
2025-07-07 08:18:44,588 INFO root 📈 处理持仓: 工行尊益基金, 状态: PositionStatus.ACTIVE, 收益: 37717.808219178086001369863
2025-07-07 08:18:44,589 INFO root 📈 处理持仓: 活期-人民币, 状态: PositionStatus.ACTIVE, 收益: 0
2025-07-07 08:18:44,590 INFO root 📈 处理持仓: 浦发三年定期, 状态: PositionStatus.ACTIVE, 收益: 26284.931506849316021917808
2025-07-07 08:18:44,590 INFO root 📈 处理持仓: 浦发理财一年, 状态: PositionStatus.MATURED, 收益: 22000
2025-07-07 08:18:44,591 INFO root ✅ 成功处理 4 个持仓
2025-07-07 08:18:52,696 INFO root 🔄 开始获取仪表板数据...
2025-07-07 08:18:52,713 INFO root ✅ 获取到投资组合，包含 4 个持仓
2025-07-07 08:18:52,714 INFO root 📊 总资产: 4534000
2025-07-07 08:18:52,714 INFO root 💰 现金资产: 1022000, 固定收益: 3512000
2025-07-07 08:18:52,715 INFO root 📈 处理持仓: 工行尊益基金, 状态: PositionStatus.ACTIVE, 收益: 37717.808219178086001369863
2025-07-07 08:18:52,715 INFO root 📈 处理持仓: 活期-人民币, 状态: PositionStatus.ACTIVE, 收益: 0
2025-07-07 08:18:52,716 INFO root 📈 处理持仓: 浦发三年定期, 状态: PositionStatus.ACTIVE, 收益: 26284.931506849316021917808
2025-07-07 08:18:52,717 INFO root 📈 处理持仓: 浦发理财一年, 状态: PositionStatus.MATURED, 收益: 22000
2025-07-07 08:18:52,717 INFO root ✅ 成功处理 4 个持仓
2025-07-07 08:19:02,281 INFO root 🔄 开始获取仪表板数据...
2025-07-07 08:19:02,297 INFO root ✅ 获取到投资组合，包含 4 个持仓
2025-07-07 08:19:02,297 INFO root 📊 总资产: 4534000
2025-07-07 08:19:02,298 INFO root 💰 现金资产: 1022000, 固定收益: 3512000
2025-07-07 08:19:02,298 INFO root 📈 处理持仓: 工行尊益基金, 状态: PositionStatus.ACTIVE, 收益: 37717.808219178086001369863
2025-07-07 08:19:02,299 INFO root 📈 处理持仓: 活期-人民币, 状态: PositionStatus.ACTIVE, 收益: 0
2025-07-07 08:19:02,300 INFO root 📈 处理持仓: 浦发三年定期, 状态: PositionStatus.ACTIVE, 收益: 26284.931506849316021917808
2025-07-07 08:19:02,300 INFO root 📈 处理持仓: 浦发理财一年, 状态: PositionStatus.MATURED, 收益: 22000
2025-07-07 08:19:02,301 INFO root ✅ 成功处理 4 个持仓
2025-07-07 08:19:09,237 INFO root 🔄 开始获取仪表板数据...
2025-07-07 08:19:09,253 INFO root ✅ 获取到投资组合，包含 3 个持仓
2025-07-07 08:19:09,254 INFO root 📊 总资产: 3522000
2025-07-07 08:19:09,254 INFO root 💰 现金资产: 1022000, 固定收益: 2500000
2025-07-07 08:19:09,254 INFO root 📈 处理持仓: 工行尊益基金, 状态: PositionStatus.ACTIVE, 收益: 37717.808219178086001369863
2025-07-07 08:19:09,255 INFO root 📈 处理持仓: 活期-人民币, 状态: PositionStatus.ACTIVE, 收益: 0
2025-07-07 08:19:09,256 INFO root 📈 处理持仓: 浦发三年定期, 状态: PositionStatus.ACTIVE, 收益: 26284.931506849316021917808
2025-07-07 08:19:09,256 INFO root ✅ 成功处理 3 个持仓
2025-07-07 08:19:11,076 INFO root 🔄 开始获取仪表板数据...
2025-07-07 08:19:11,093 INFO root ✅ 获取到投资组合，包含 3 个持仓
2025-07-07 08:19:11,094 INFO root 📊 总资产: 3522000
2025-07-07 08:19:11,094 INFO root 💰 现金资产: 1022000, 固定收益: 2500000
2025-07-07 08:19:11,095 INFO root 📈 处理持仓: 工行尊益基金, 状态: PositionStatus.ACTIVE, 收益: 37717.808219178086001369863
2025-07-07 08:19:11,096 INFO root 📈 处理持仓: 活期-人民币, 状态: PositionStatus.ACTIVE, 收益: 0
2025-07-07 08:19:11,096 INFO root 📈 处理持仓: 浦发三年定期, 状态: PositionStatus.ACTIVE, 收益: 26284.931506849316021917808
2025-07-07 08:19:11,097 INFO root ✅ 成功处理 3 个持仓
2025-07-07 08:24:58,412 INFO root 🔄 开始获取仪表板数据...
2025-07-07 08:24:58,430 INFO root ✅ 获取到投资组合，包含 3 个持仓
2025-07-07 08:24:58,431 INFO root 📊 总资产: 3522000
2025-07-07 08:24:58,431 INFO root 💰 现金资产: 1022000, 固定收益: 2500000
2025-07-07 08:24:58,432 INFO root 📈 处理持仓: 工行尊益基金, 状态: PositionStatus.ACTIVE, 收益: 37717.808219178086001369863
2025-07-07 08:24:58,432 INFO root 📈 处理持仓: 活期-人民币, 状态: PositionStatus.ACTIVE, 收益: 0
2025-07-07 08:24:58,433 INFO root 📈 处理持仓: 浦发三年定期, 状态: PositionStatus.ACTIVE, 收益: 26284.931506849316021917808
2025-07-07 08:24:58,434 INFO root ✅ 成功处理 3 个持仓
2025-07-07 08:25:29,205 INFO root 🔄 开始获取仪表板数据...
2025-07-07 08:25:29,220 INFO root ✅ 获取到投资组合，包含 4 个持仓
2025-07-07 08:25:29,221 INFO root 📊 总资产: 4544000
2025-07-07 08:25:29,221 INFO root 💰 现金资产: 1022000, 固定收益: 3522000
2025-07-07 08:25:29,221 INFO root 📈 处理持仓: 工行尊益基金, 状态: PositionStatus.ACTIVE, 收益: 37717.808219178086001369863
2025-07-07 08:25:29,222 INFO root 📈 处理持仓: 活期-人民币, 状态: PositionStatus.ACTIVE, 收益: 0
2025-07-07 08:25:29,223 INFO root 📈 处理持仓: 浦发三年定期, 状态: PositionStatus.ACTIVE, 收益: 26284.931506849316021917808
2025-07-07 08:25:29,223 INFO root 📈 处理持仓: 浦发理财一年, 状态: PositionStatus.MATURED, 收益: 22000
2025-07-07 08:25:29,224 INFO root ✅ 成功处理 4 个持仓
2025-07-07 08:27:01,545 INFO root 🔄 开始获取仪表板数据...
2025-07-07 08:27:01,564 INFO root ✅ 获取到投资组合，包含 4 个持仓
2025-07-07 08:27:01,564 INFO root 📊 总资产: 4544000
2025-07-07 08:27:01,565 INFO root 💰 现金资产: 1022000, 固定收益: 3522000
2025-07-07 08:27:01,565 INFO root 📈 处理持仓: 工行尊益基金, 状态: PositionStatus.ACTIVE, 收益: 37717.808219178086001369863
2025-07-07 08:27:01,566 INFO root 📈 处理持仓: 活期-人民币, 状态: PositionStatus.ACTIVE, 收益: 0
2025-07-07 08:27:01,567 INFO root 📈 处理持仓: 浦发三年定期, 状态: PositionStatus.ACTIVE, 收益: 26284.931506849316021917808
2025-07-07 08:27:01,567 INFO root 📈 处理持仓: 浦发理财一年, 状态: PositionStatus.MATURED, 收益: 22000
2025-07-07 08:27:01,568 INFO root ✅ 成功处理 4 个持仓
2025-07-07 08:28:34,585 INFO root 🔄 开始获取仪表板数据...
2025-07-07 08:28:34,608 INFO root ✅ 获取到投资组合，包含 4 个持仓
2025-07-07 08:28:34,609 INFO root 📊 总资产: 4544000
2025-07-07 08:28:34,610 INFO root 💰 现金资产: 1022000, 固定收益: 3522000
2025-07-07 08:28:34,610 INFO root 📈 处理持仓: 工行尊益基金, 状态: PositionStatus.ACTIVE, 收益: 37717.808219178086001369863
2025-07-07 08:28:34,611 INFO root 📈 处理持仓: 活期-人民币, 状态: PositionStatus.ACTIVE, 收益: 0
2025-07-07 08:28:34,612 INFO root 📈 处理持仓: 浦发三年定期, 状态: PositionStatus.ACTIVE, 收益: 26284.931506849316021917808
2025-07-07 08:28:34,613 INFO root 📈 处理持仓: 浦发理财一年, 状态: PositionStatus.MATURED, 收益: 22000
2025-07-07 08:28:34,613 INFO root ✅ 成功处理 4 个持仓
2025-07-07 08:28:43,271 INFO root 🚀 启动 WealthLite 应用...
2025-07-07 08:28:43,271 INFO root 📍 API服务器地址: http://127.0.0.1:8080
2025-07-07 08:28:43,271 INFO root 📍 前端页面地址: http://127.0.0.1:8080/static/index.html
2025-07-07 08:28:43,272 INFO root 📁 工作目录: E:\Work\workspace\wealth_lite
2025-07-07 08:28:43,272 INFO root 
💡 提示:
2025-07-07 08:28:43,272 INFO root   - 应用将自动在浏览器中打开
2025-07-07 08:28:43,273 INFO root   - 按 Ctrl+C 停止应用
2025-07-07 08:28:43,273 INFO root   - 数据保存在 user_data/ 目录
2025-07-07 08:28:43,273 INFO root 
==================================================
2025-07-07 08:28:43,278 DEBUG asyncio Using proactor: IocpProactor
2025-07-07 08:28:43,341 INFO wealth_lite.data.database 数据表创建完成
2025-07-07 08:28:43,342 INFO wealth_lite.data.database 索引创建完成
2025-07-07 08:28:43,342 INFO wealth_lite.data.database 数据库初始化完成: user_data\wealth_lite_dev.db
2025-07-07 08:28:43,344 INFO wealth_lite.data.database 数据表创建完成
2025-07-07 08:28:43,345 INFO wealth_lite.data.database 索引创建完成
2025-07-07 08:28:43,345 INFO wealth_lite.data.database 数据库初始化完成: user_data\wealth_lite_dev.db
2025-07-07 08:28:43,347 INFO root ✅ 枚举文件生成成功: src\wealth_lite\ui\app\data\enums.json
2025-07-07 08:28:43,347 INFO root ✅ 前端枚举文件生成成功
2025-07-07 08:28:43,347 INFO root ✅ 数据库服务初始化成功
2025-07-07 08:28:45,574 INFO root 🔄 开始获取仪表板数据...
2025-07-07 08:28:45,587 INFO root ✅ 获取到投资组合，包含 4 个持仓
2025-07-07 08:28:45,587 INFO root 📊 总资产: 4544000
2025-07-07 08:28:45,588 INFO root 💰 现金资产: 1022000, 固定收益: 3522000
2025-07-07 08:28:45,588 INFO root 📈 处理持仓: 工行尊益基金, 状态: PositionStatus.ACTIVE, 收益: 37717.808219178086001369863
2025-07-07 08:28:45,589 INFO root 📈 处理持仓: 活期-人民币, 状态: PositionStatus.ACTIVE, 收益: 0
2025-07-07 08:28:45,590 INFO root 📈 处理持仓: 浦发三年定期, 状态: PositionStatus.ACTIVE, 收益: 26284.931506849316021917808
2025-07-07 08:28:45,591 INFO root 📈 处理持仓: 浦发理财一年, 状态: PositionStatus.MATURED, 收益: 22000
2025-07-07 08:28:45,591 INFO root ✅ 成功处理 4 个持仓
2025-07-07 08:28:55,357 INFO root 🔄 开始获取仪表板数据...
2025-07-07 08:28:55,373 INFO root ✅ 获取到投资组合，包含 4 个持仓
2025-07-07 08:28:55,373 INFO root 📊 总资产: 4544000
2025-07-07 08:28:55,373 INFO root 💰 现金资产: 1022000, 固定收益: 3522000
2025-07-07 08:28:55,374 INFO root 📈 处理持仓: 工行尊益基金, 状态: PositionStatus.ACTIVE, 收益: 37717.808219178086001369863
2025-07-07 08:28:55,375 INFO root 📈 处理持仓: 活期-人民币, 状态: PositionStatus.ACTIVE, 收益: 0
2025-07-07 08:28:55,375 INFO root 📈 处理持仓: 浦发三年定期, 状态: PositionStatus.ACTIVE, 收益: 26284.931506849316021917808
2025-07-07 08:28:55,376 INFO root 📈 处理持仓: 浦发理财一年, 状态: PositionStatus.MATURED, 收益: 22000
2025-07-07 08:28:55,377 INFO root ✅ 成功处理 4 个持仓
2025-07-07 08:29:21,575 INFO root 🔄 开始获取仪表板数据...
2025-07-07 08:29:21,591 INFO root ✅ 获取到投资组合，包含 4 个持仓
2025-07-07 08:29:21,591 INFO root 📊 总资产: 4544000
2025-07-07 08:29:21,592 INFO root 💰 现金资产: 1022000, 固定收益: 3522000
2025-07-07 08:29:21,592 INFO root 📈 处理持仓: 工行尊益基金, 状态: PositionStatus.ACTIVE, 收益: 37717.808219178086001369863
2025-07-07 08:29:21,593 INFO root 📈 处理持仓: 活期-人民币, 状态: PositionStatus.ACTIVE, 收益: 0
2025-07-07 08:29:21,594 INFO root 📈 处理持仓: 浦发三年定期, 状态: PositionStatus.ACTIVE, 收益: 26284.931506849316021917808
2025-07-07 08:29:21,595 INFO root 📈 处理持仓: 浦发理财一年, 状态: PositionStatus.MATURED, 收益: 22000
2025-07-07 08:29:21,595 INFO root ✅ 成功处理 4 个持仓
2025-07-07 08:29:28,571 INFO root 🔄 开始获取仪表板数据...
2025-07-07 08:29:28,586 INFO root ✅ 获取到投资组合，包含 4 个持仓
2025-07-07 08:29:28,586 INFO root 📊 总资产: 4544000
2025-07-07 08:29:28,587 INFO root 💰 现金资产: 1022000, 固定收益: 3522000
2025-07-07 08:29:28,587 INFO root 📈 处理持仓: 工行尊益基金, 状态: PositionStatus.ACTIVE, 收益: 37717.808219178086001369863
2025-07-07 08:29:28,588 INFO root 📈 处理持仓: 活期-人民币, 状态: PositionStatus.ACTIVE, 收益: 0
2025-07-07 08:29:28,589 INFO root 📈 处理持仓: 浦发三年定期, 状态: PositionStatus.ACTIVE, 收益: 26284.931506849316021917808
2025-07-07 08:29:28,589 INFO root 📈 处理持仓: 浦发理财一年, 状态: PositionStatus.MATURED, 收益: 22000
2025-07-07 08:29:28,590 INFO root ✅ 成功处理 4 个持仓
2025-07-07 08:30:02,303 INFO root 🔄 开始获取仪表板数据...
2025-07-07 08:30:02,318 INFO root ✅ 获取到投资组合，包含 4 个持仓
2025-07-07 08:30:02,319 INFO root 📊 总资产: 4544000
2025-07-07 08:30:02,319 INFO root 💰 现金资产: 1022000, 固定收益: 3522000
2025-07-07 08:30:02,320 INFO root 📈 处理持仓: 工行尊益基金, 状态: PositionStatus.ACTIVE, 收益: 37717.808219178086001369863
2025-07-07 08:30:02,320 INFO root 📈 处理持仓: 活期-人民币, 状态: PositionStatus.ACTIVE, 收益: 0
2025-07-07 08:30:02,321 INFO root 📈 处理持仓: 浦发三年定期, 状态: PositionStatus.ACTIVE, 收益: 26284.931506849316021917808
2025-07-07 08:30:02,322 INFO root 📈 处理持仓: 浦发理财一年, 状态: PositionStatus.MATURED, 收益: 22000
2025-07-07 08:30:02,322 INFO root ✅ 成功处理 4 个持仓
2025-07-07 08:36:07,815 INFO root 🔄 开始获取仪表板数据...
2025-07-07 08:36:07,831 INFO root ✅ 获取到投资组合，包含 4 个持仓
2025-07-07 08:36:07,832 INFO root 📊 总资产: 4544000
2025-07-07 08:36:07,832 INFO root 💰 现金资产: 1022000, 固定收益: 3522000
2025-07-07 08:36:07,833 INFO root 📈 处理持仓: 工行尊益基金, 状态: PositionStatus.ACTIVE, 收益: 37717.808219178086001369863
2025-07-07 08:36:07,834 INFO root 📈 处理持仓: 活期-人民币, 状态: PositionStatus.ACTIVE, 收益: 0
2025-07-07 08:36:07,835 INFO root 📈 处理持仓: 浦发三年定期, 状态: PositionStatus.ACTIVE, 收益: 26284.931506849316021917808
2025-07-07 08:36:07,836 INFO root 📈 处理持仓: 浦发理财一年, 状态: PositionStatus.MATURED, 收益: 22000
2025-07-07 08:36:07,836 INFO root ✅ 成功处理 4 个持仓
2025-07-07 08:37:22,697 INFO root 🔄 开始获取仪表板数据...
2025-07-07 08:37:22,723 INFO root ✅ 获取到投资组合，包含 4 个持仓
2025-07-07 08:37:22,723 INFO root 📊 总资产: 4544000
2025-07-07 08:37:22,724 INFO root 💰 现金资产: 1022000, 固定收益: 3522000
2025-07-07 08:37:22,724 INFO root 📈 处理持仓: 工行尊益基金, 状态: PositionStatus.ACTIVE, 收益: 37717.808219178086001369863
2025-07-07 08:37:22,725 INFO root 📈 处理持仓: 活期-人民币, 状态: PositionStatus.ACTIVE, 收益: 0
2025-07-07 08:37:22,726 INFO root 📈 处理持仓: 浦发三年定期, 状态: PositionStatus.ACTIVE, 收益: 26284.931506849316021917808
2025-07-07 08:37:22,727 INFO root 📈 处理持仓: 浦发理财一年, 状态: PositionStatus.MATURED, 收益: 22000
2025-07-07 08:37:22,728 INFO root ✅ 成功处理 4 个持仓
2025-07-07 08:37:41,986 INFO root 🚀 启动 WealthLite 应用...
2025-07-07 08:37:41,987 INFO root 📍 API服务器地址: http://127.0.0.1:8080
2025-07-07 08:37:41,987 INFO root 📍 前端页面地址: http://127.0.0.1:8080/static/index.html
2025-07-07 08:37:41,987 INFO root 📁 工作目录: E:\Work\workspace\wealth_lite
2025-07-07 08:37:41,988 INFO root 
💡 提示:
2025-07-07 08:37:41,988 INFO root   - 应用将自动在浏览器中打开
2025-07-07 08:37:41,988 INFO root   - 按 Ctrl+C 停止应用
2025-07-07 08:37:41,989 INFO root   - 数据保存在 user_data/ 目录
2025-07-07 08:37:41,989 INFO root 
==================================================
2025-07-07 08:37:41,994 DEBUG asyncio Using proactor: IocpProactor
2025-07-07 08:37:42,055 INFO wealth_lite.data.database 数据表创建完成
2025-07-07 08:37:42,057 INFO wealth_lite.data.database 索引创建完成
2025-07-07 08:37:42,057 INFO wealth_lite.data.database 数据库初始化完成: user_data\wealth_lite_dev.db
2025-07-07 08:37:42,059 INFO wealth_lite.data.database 数据表创建完成
2025-07-07 08:37:42,060 INFO wealth_lite.data.database 索引创建完成
2025-07-07 08:37:42,060 INFO wealth_lite.data.database 数据库初始化完成: user_data\wealth_lite_dev.db
2025-07-07 08:37:42,062 INFO root ✅ 枚举文件生成成功: src\wealth_lite\ui\app\data\enums.json
2025-07-07 08:37:42,062 INFO root ✅ 前端枚举文件生成成功
2025-07-07 08:37:42,062 INFO root ✅ 数据库服务初始化成功
2025-07-07 08:37:44,323 INFO root 🔄 开始获取仪表板数据...
2025-07-07 08:37:44,345 INFO root ✅ 获取到投资组合，包含 4 个持仓
2025-07-07 08:37:44,346 INFO root 📊 总资产: 4544000
2025-07-07 08:37:44,346 INFO root 💰 现金资产: 1022000, 固定收益: 3522000
2025-07-07 08:37:44,347 INFO root 📈 处理持仓: 工行尊益基金, 状态: PositionStatus.ACTIVE, 收益: 37717.808219178086001369863
2025-07-07 08:37:44,348 INFO root 📈 处理持仓: 活期-人民币, 状态: PositionStatus.ACTIVE, 收益: 0
2025-07-07 08:37:44,349 INFO root 📈 处理持仓: 浦发三年定期, 状态: PositionStatus.ACTIVE, 收益: 26284.931506849316021917808
2025-07-07 08:37:44,350 INFO root 📈 处理持仓: 浦发理财一年, 状态: PositionStatus.MATURED, 收益: 22000
2025-07-07 08:37:44,351 INFO root ✅ 成功处理 4 个持仓
2025-07-07 08:39:02,995 INFO root 🔄 开始获取仪表板数据...
2025-07-07 08:39:03,017 INFO root ✅ 获取到投资组合，包含 4 个持仓
2025-07-07 08:39:03,018 INFO root 📊 总资产: 4544000
2025-07-07 08:39:03,018 INFO root 💰 现金资产: 1022000, 固定收益: 3522000
2025-07-07 08:39:03,019 INFO root 📈 处理持仓: 工行尊益基金, 状态: PositionStatus.ACTIVE, 收益: 37717.808219178086001369863
2025-07-07 08:39:03,020 INFO root 📈 处理持仓: 活期-人民币, 状态: PositionStatus.ACTIVE, 收益: 0
2025-07-07 08:39:03,020 INFO root 📈 处理持仓: 浦发三年定期, 状态: PositionStatus.ACTIVE, 收益: 26284.931506849316021917808
2025-07-07 08:39:03,021 INFO root 📈 处理持仓: 浦发理财一年, 状态: PositionStatus.MATURED, 收益: 22000
2025-07-07 08:39:03,022 INFO root ✅ 成功处理 4 个持仓
2025-07-07 08:43:01,110 INFO root 🚀 启动 WealthLite 应用...
2025-07-07 08:43:01,111 INFO root 📍 API服务器地址: http://127.0.0.1:8080
2025-07-07 08:43:01,112 INFO root 📍 前端页面地址: http://127.0.0.1:8080/static/index.html
2025-07-07 08:43:01,113 INFO root 📁 工作目录: E:\Work\workspace\wealth_lite
2025-07-07 08:43:01,113 INFO root 
💡 提示:
2025-07-07 08:43:01,114 INFO root   - 应用将自动在浏览器中打开
2025-07-07 08:43:01,114 INFO root   - 按 Ctrl+C 停止应用
2025-07-07 08:43:01,115 INFO root   - 数据保存在 user_data/ 目录
2025-07-07 08:43:01,115 INFO root 
==================================================
2025-07-07 08:43:01,120 DEBUG asyncio Using proactor: IocpProactor
2025-07-07 08:43:01,180 INFO wealth_lite.data.database 数据表创建完成
2025-07-07 08:43:01,181 INFO wealth_lite.data.database 索引创建完成
2025-07-07 08:43:01,181 INFO wealth_lite.data.database 数据库初始化完成: user_data\wealth_lite_dev.db
2025-07-07 08:43:01,183 INFO wealth_lite.data.database 数据表创建完成
2025-07-07 08:43:01,184 INFO wealth_lite.data.database 索引创建完成
2025-07-07 08:43:01,184 INFO wealth_lite.data.database 数据库初始化完成: user_data\wealth_lite_dev.db
2025-07-07 08:43:01,186 INFO root ✅ 枚举文件生成成功: src\wealth_lite\ui\app\data\enums.json
2025-07-07 08:43:01,186 INFO root ✅ 前端枚举文件生成成功
2025-07-07 08:43:01,186 INFO root ✅ 数据库服务初始化成功
2025-07-07 08:43:03,721 INFO root 🔄 开始获取仪表板数据...
2025-07-07 08:43:03,740 INFO root ✅ 获取到投资组合，包含 4 个持仓
2025-07-07 08:43:03,741 INFO root 📊 总资产: 4544000
2025-07-07 08:43:03,742 INFO root 💰 现金资产: 1022000, 固定收益: 3522000
2025-07-07 08:43:03,742 INFO root 📈 处理持仓: 工行尊益基金, 状态: PositionStatus.ACTIVE, 收益: 37717.808219178086001369863
2025-07-07 08:43:03,743 INFO root 📈 处理持仓: 活期-人民币, 状态: PositionStatus.ACTIVE, 收益: 0
2025-07-07 08:43:03,744 INFO root 📈 处理持仓: 浦发三年定期, 状态: PositionStatus.ACTIVE, 收益: 26284.931506849316021917808
2025-07-07 08:43:03,744 INFO root 📈 处理持仓: 浦发理财一年, 状态: PositionStatus.MATURED, 收益: 22000
2025-07-07 08:43:03,745 INFO root ✅ 成功处理 4 个持仓
2025-07-07 08:43:25,048 INFO root 🔄 开始获取仪表板数据...
2025-07-07 08:43:25,062 INFO root ✅ 获取到投资组合，包含 4 个持仓
2025-07-07 08:43:25,062 INFO root 📊 总资产: 4544000
2025-07-07 08:43:25,063 INFO root 💰 现金资产: 1022000, 固定收益: 3522000
2025-07-07 08:43:25,063 INFO root 📈 处理持仓: 工行尊益基金, 状态: PositionStatus.ACTIVE, 收益: 37717.808219178086001369863
2025-07-07 08:43:25,065 INFO root 📈 处理持仓: 活期-人民币, 状态: PositionStatus.ACTIVE, 收益: 0
2025-07-07 08:43:25,066 INFO root 📈 处理持仓: 浦发三年定期, 状态: PositionStatus.ACTIVE, 收益: 26284.931506849316021917808
2025-07-07 08:43:25,067 INFO root 📈 处理持仓: 浦发理财一年, 状态: PositionStatus.MATURED, 收益: 22000
2025-07-07 08:43:25,067 INFO root ✅ 成功处理 4 个持仓
2025-07-07 08:43:48,619 INFO root 🚀 启动 WealthLite 应用...
2025-07-07 08:43:48,620 INFO root 📍 API服务器地址: http://127.0.0.1:8080
2025-07-07 08:43:48,620 INFO root 📍 前端页面地址: http://127.0.0.1:8080/static/index.html
2025-07-07 08:43:48,621 INFO root 📁 工作目录: E:\Work\workspace\wealth_lite
2025-07-07 08:43:48,621 INFO root 
💡 提示:
2025-07-07 08:43:48,621 INFO root   - 应用将自动在浏览器中打开
2025-07-07 08:43:48,621 INFO root   - 按 Ctrl+C 停止应用
2025-07-07 08:43:48,622 INFO root   - 数据保存在 user_data/ 目录
2025-07-07 08:43:48,622 INFO root 
==================================================
2025-07-07 08:43:48,627 DEBUG asyncio Using proactor: IocpProactor
2025-07-07 08:43:48,690 INFO wealth_lite.data.database 数据表创建完成
2025-07-07 08:43:48,691 INFO wealth_lite.data.database 索引创建完成
2025-07-07 08:43:48,692 INFO wealth_lite.data.database 数据库初始化完成: user_data\wealth_lite_dev.db
2025-07-07 08:43:48,693 INFO wealth_lite.data.database 数据表创建完成
2025-07-07 08:43:48,694 INFO wealth_lite.data.database 索引创建完成
2025-07-07 08:43:48,695 INFO wealth_lite.data.database 数据库初始化完成: user_data\wealth_lite_dev.db
2025-07-07 08:43:48,696 INFO root ✅ 枚举文件生成成功: src\wealth_lite\ui\app\data\enums.json
2025-07-07 08:43:48,697 INFO root ✅ 前端枚举文件生成成功
2025-07-07 08:43:48,697 INFO root ✅ 数据库服务初始化成功
2025-07-07 08:43:50,840 INFO root 🔄 开始获取仪表板数据...
2025-07-07 08:43:50,853 INFO root ✅ 获取到投资组合，包含 4 个持仓
2025-07-07 08:43:50,854 INFO root 📊 总资产: 4544000
2025-07-07 08:43:50,854 INFO root 💰 现金资产: 1022000, 固定收益: 3522000
2025-07-07 08:43:50,855 INFO root 📈 处理持仓: 工行尊益基金, 状态: PositionStatus.ACTIVE, 收益: 37717.808219178086001369863
2025-07-07 08:43:50,856 INFO root 📈 处理持仓: 活期-人民币, 状态: PositionStatus.ACTIVE, 收益: 0
2025-07-07 08:43:50,856 INFO root 📈 处理持仓: 浦发三年定期, 状态: PositionStatus.ACTIVE, 收益: 26284.931506849316021917808
2025-07-07 08:43:50,857 INFO root 📈 处理持仓: 浦发理财一年, 状态: PositionStatus.MATURED, 收益: 22000
2025-07-07 08:43:50,858 INFO root ✅ 成功处理 4 个持仓
2025-07-07 08:43:59,858 INFO root 🔄 开始获取仪表板数据...
2025-07-07 08:43:59,872 INFO root ✅ 获取到投资组合，包含 4 个持仓
2025-07-07 08:43:59,872 INFO root 📊 总资产: 4544000
2025-07-07 08:43:59,873 INFO root 💰 现金资产: 1022000, 固定收益: 3522000
2025-07-07 08:43:59,873 INFO root 📈 处理持仓: 工行尊益基金, 状态: PositionStatus.ACTIVE, 收益: 37717.808219178086001369863
2025-07-07 08:43:59,874 INFO root 📈 处理持仓: 活期-人民币, 状态: PositionStatus.ACTIVE, 收益: 0
2025-07-07 08:43:59,875 INFO root 📈 处理持仓: 浦发三年定期, 状态: PositionStatus.ACTIVE, 收益: 26284.931506849316021917808
2025-07-07 08:43:59,875 INFO root 📈 处理持仓: 浦发理财一年, 状态: PositionStatus.MATURED, 收益: 22000
2025-07-07 08:43:59,876 INFO root ✅ 成功处理 4 个持仓
2025-07-07 08:44:07,995 INFO root 🔄 开始获取仪表板数据...
2025-07-07 08:44:08,010 INFO root ✅ 获取到投资组合，包含 4 个持仓
2025-07-07 08:44:08,011 INFO root 📊 总资产: 4544000
2025-07-07 08:44:08,011 INFO root 💰 现金资产: 1022000, 固定收益: 3522000
2025-07-07 08:44:08,012 INFO root 📈 处理持仓: 工行尊益基金, 状态: PositionStatus.ACTIVE, 收益: 37717.808219178086001369863
2025-07-07 08:44:08,013 INFO root 📈 处理持仓: 活期-人民币, 状态: PositionStatus.ACTIVE, 收益: 0
2025-07-07 08:44:08,013 INFO root 📈 处理持仓: 浦发三年定期, 状态: PositionStatus.ACTIVE, 收益: 26284.931506849316021917808
2025-07-07 08:44:08,014 INFO root 📈 处理持仓: 浦发理财一年, 状态: PositionStatus.MATURED, 收益: 22000
2025-07-07 08:44:08,015 INFO root ✅ 成功处理 4 个持仓
2025-07-07 08:44:25,352 INFO root 🔄 开始获取仪表板数据...
2025-07-07 08:44:25,366 INFO root ✅ 获取到投资组合，包含 4 个持仓
2025-07-07 08:44:25,367 INFO root 📊 总资产: 4544000
2025-07-07 08:44:25,367 INFO root 💰 现金资产: 1022000, 固定收益: 3522000
2025-07-07 08:44:25,368 INFO root 📈 处理持仓: 工行尊益基金, 状态: PositionStatus.ACTIVE, 收益: 37717.808219178086001369863
2025-07-07 08:44:25,368 INFO root 📈 处理持仓: 活期-人民币, 状态: PositionStatus.ACTIVE, 收益: 0
2025-07-07 08:44:25,369 INFO root 📈 处理持仓: 浦发三年定期, 状态: PositionStatus.ACTIVE, 收益: 26284.931506849316021917808
2025-07-07 08:44:25,370 INFO root 📈 处理持仓: 浦发理财一年, 状态: PositionStatus.MATURED, 收益: 22000
2025-07-07 08:44:25,370 INFO root ✅ 成功处理 4 个持仓
2025-07-07 08:44:51,381 INFO root 🔄 开始获取仪表板数据...
2025-07-07 08:44:51,395 INFO root ✅ 获取到投资组合，包含 4 个持仓
2025-07-07 08:44:51,395 INFO root 📊 总资产: 4544000
2025-07-07 08:44:51,395 INFO root 💰 现金资产: 1022000, 固定收益: 3522000
2025-07-07 08:44:51,396 INFO root 📈 处理持仓: 工行尊益基金, 状态: PositionStatus.ACTIVE, 收益: 37717.808219178086001369863
2025-07-07 08:44:51,398 INFO root 📈 处理持仓: 活期-人民币, 状态: PositionStatus.ACTIVE, 收益: 0
2025-07-07 08:44:51,398 INFO root 📈 处理持仓: 浦发三年定期, 状态: PositionStatus.ACTIVE, 收益: 26284.931506849316021917808
2025-07-07 08:44:51,399 INFO root 📈 处理持仓: 浦发理财一年, 状态: PositionStatus.MATURED, 收益: 22000
2025-07-07 08:44:51,400 INFO root ✅ 成功处理 4 个持仓
2025-07-07 08:54:16,845 INFO root 🚀 启动 WealthLite 应用...
2025-07-07 08:54:16,846 INFO root 📍 API服务器地址: http://127.0.0.1:8080
2025-07-07 08:54:16,846 INFO root 📍 前端页面地址: http://127.0.0.1:8080/static/index.html
2025-07-07 08:54:16,846 INFO root 📁 工作目录: E:\Work\workspace\wealth_lite
2025-07-07 08:54:16,847 INFO root 
💡 提示:
2025-07-07 08:54:16,847 INFO root   - 应用将自动在浏览器中打开
2025-07-07 08:54:16,848 INFO root   - 按 Ctrl+C 停止应用
2025-07-07 08:54:16,848 INFO root   - 数据保存在 user_data/ 目录
2025-07-07 08:54:16,848 INFO root 
==================================================
2025-07-07 08:54:16,853 DEBUG asyncio Using proactor: IocpProactor
2025-07-07 08:54:16,921 INFO wealth_lite.data.database 数据表创建完成
2025-07-07 08:54:16,923 INFO wealth_lite.data.database 索引创建完成
2025-07-07 08:54:16,923 INFO wealth_lite.data.database 数据库初始化完成: user_data\wealth_lite_dev.db
2025-07-07 08:54:16,925 INFO wealth_lite.data.database 数据表创建完成
2025-07-07 08:54:16,926 INFO wealth_lite.data.database 索引创建完成
2025-07-07 08:54:16,926 INFO wealth_lite.data.database 数据库初始化完成: user_data\wealth_lite_dev.db
2025-07-07 08:54:16,928 INFO root ✅ 枚举文件生成成功: src\wealth_lite\ui\app\data\enums.json
2025-07-07 08:54:16,928 INFO root ✅ 前端枚举文件生成成功
2025-07-07 08:54:16,928 INFO root ✅ 数据库服务初始化成功
2025-07-07 08:54:19,528 INFO root 🔄 开始获取仪表板数据...
2025-07-07 08:54:19,540 INFO root ✅ 获取到投资组合，包含 4 个持仓
2025-07-07 08:54:19,540 INFO root 📊 总资产: 4544000
2025-07-07 08:54:19,541 INFO root 💰 现金资产: 1022000, 固定收益: 3522000
2025-07-07 08:54:19,541 INFO root 📈 处理持仓: 工行尊益基金, 状态: PositionStatus.ACTIVE, 收益: 37717.808219178086001369863
2025-07-07 08:54:19,542 INFO root 📈 处理持仓: 活期-人民币, 状态: PositionStatus.ACTIVE, 收益: 0
2025-07-07 08:54:19,543 INFO root 📈 处理持仓: 浦发三年定期, 状态: PositionStatus.ACTIVE, 收益: 26284.931506849316021917808
2025-07-07 08:54:19,544 INFO root 📈 处理持仓: 浦发理财一年, 状态: PositionStatus.MATURED, 收益: 22000
2025-07-07 08:54:19,544 INFO root ✅ 成功处理 4 个持仓
2025-07-07 08:54:28,116 INFO root 🔄 开始获取仪表板数据...
2025-07-07 08:54:28,131 INFO root ✅ 获取到投资组合，包含 4 个持仓
2025-07-07 08:54:28,131 INFO root 📊 总资产: 4544000
2025-07-07 08:54:28,131 INFO root 💰 现金资产: 1022000, 固定收益: 3522000
2025-07-07 08:54:28,132 INFO root 📈 处理持仓: 工行尊益基金, 状态: PositionStatus.ACTIVE, 收益: 37717.808219178086001369863
2025-07-07 08:54:28,133 INFO root 📈 处理持仓: 活期-人民币, 状态: PositionStatus.ACTIVE, 收益: 0
2025-07-07 08:54:28,133 INFO root 📈 处理持仓: 浦发三年定期, 状态: PositionStatus.ACTIVE, 收益: 26284.931506849316021917808
2025-07-07 08:54:28,134 INFO root 📈 处理持仓: 浦发理财一年, 状态: PositionStatus.MATURED, 收益: 22000
2025-07-07 08:54:28,135 INFO root ✅ 成功处理 4 个持仓
2025-07-07 08:54:33,574 INFO root 🔄 开始获取仪表板数据...
2025-07-07 08:54:33,587 INFO root ✅ 获取到投资组合，包含 4 个持仓
2025-07-07 08:54:33,588 INFO root 📊 总资产: 4544000
2025-07-07 08:54:33,588 INFO root 💰 现金资产: 1022000, 固定收益: 3522000
2025-07-07 08:54:33,589 INFO root 📈 处理持仓: 工行尊益基金, 状态: PositionStatus.ACTIVE, 收益: 37717.808219178086001369863
2025-07-07 08:54:33,589 INFO root 📈 处理持仓: 活期-人民币, 状态: PositionStatus.ACTIVE, 收益: 0
2025-07-07 08:54:33,590 INFO root 📈 处理持仓: 浦发三年定期, 状态: PositionStatus.ACTIVE, 收益: 26284.931506849316021917808
2025-07-07 08:54:33,591 INFO root 📈 处理持仓: 浦发理财一年, 状态: PositionStatus.MATURED, 收益: 22000
2025-07-07 08:54:33,591 INFO root ✅ 成功处理 4 个持仓
2025-07-07 08:54:46,701 INFO root 🔄 开始获取仪表板数据...
2025-07-07 08:54:46,715 INFO root ✅ 获取到投资组合，包含 4 个持仓
2025-07-07 08:54:46,716 INFO root 📊 总资产: 4544000
2025-07-07 08:54:46,716 INFO root 💰 现金资产: 1022000, 固定收益: 3522000
2025-07-07 08:54:46,717 INFO root 📈 处理持仓: 工行尊益基金, 状态: PositionStatus.ACTIVE, 收益: 37717.808219178086001369863
2025-07-07 08:54:46,717 INFO root 📈 处理持仓: 活期-人民币, 状态: PositionStatus.ACTIVE, 收益: 0
2025-07-07 08:54:46,718 INFO root 📈 处理持仓: 浦发三年定期, 状态: PositionStatus.ACTIVE, 收益: 26284.931506849316021917808
2025-07-07 08:54:46,719 INFO root 📈 处理持仓: 浦发理财一年, 状态: PositionStatus.MATURED, 收益: 22000
2025-07-07 08:54:46,719 INFO root ✅ 成功处理 4 个持仓
2025-07-07 08:55:53,323 INFO root 🔄 开始获取仪表板数据...
2025-07-07 08:55:53,338 INFO root ✅ 获取到投资组合，包含 4 个持仓
2025-07-07 08:55:53,339 INFO root 📊 总资产: 4544000
2025-07-07 08:55:53,339 INFO root 💰 现金资产: 1022000, 固定收益: 3522000
2025-07-07 08:55:53,340 INFO root 📈 处理持仓: 工行尊益基金, 状态: PositionStatus.ACTIVE, 收益: 37717.808219178086001369863
2025-07-07 08:55:53,340 INFO root 📈 处理持仓: 活期-人民币, 状态: PositionStatus.ACTIVE, 收益: 0
2025-07-07 08:55:53,341 INFO root 📈 处理持仓: 浦发三年定期, 状态: PositionStatus.ACTIVE, 收益: 26284.931506849316021917808
2025-07-07 08:55:53,342 INFO root 📈 处理持仓: 浦发理财一年, 状态: PositionStatus.MATURED, 收益: 22000
2025-07-07 08:55:53,342 INFO root ✅ 成功处理 4 个持仓
2025-07-07 08:56:06,439 INFO root 🔄 开始获取仪表板数据...
2025-07-07 08:56:06,452 INFO root ✅ 获取到投资组合，包含 4 个持仓
2025-07-07 08:56:06,453 INFO root 📊 总资产: 4544000
2025-07-07 08:56:06,453 INFO root 💰 现金资产: 1022000, 固定收益: 3522000
2025-07-07 08:56:06,454 INFO root 📈 处理持仓: 工行尊益基金, 状态: PositionStatus.ACTIVE, 收益: 37717.808219178086001369863
2025-07-07 08:56:06,454 INFO root 📈 处理持仓: 活期-人民币, 状态: PositionStatus.ACTIVE, 收益: 0
2025-07-07 08:56:06,455 INFO root 📈 处理持仓: 浦发三年定期, 状态: PositionStatus.ACTIVE, 收益: 26284.931506849316021917808
2025-07-07 08:56:06,456 INFO root 📈 处理持仓: 浦发理财一年, 状态: PositionStatus.MATURED, 收益: 22000
2025-07-07 08:56:06,456 INFO root ✅ 成功处理 4 个持仓
2025-07-07 08:56:45,291 INFO root 🔄 开始获取仪表板数据...
2025-07-07 08:56:45,307 INFO root ✅ 获取到投资组合，包含 4 个持仓
2025-07-07 08:56:45,308 INFO root 📊 总资产: 4544000
2025-07-07 08:56:45,308 INFO root 💰 现金资产: 1022000, 固定收益: 3522000
2025-07-07 08:56:45,309 INFO root 📈 处理持仓: 工行尊益基金, 状态: PositionStatus.ACTIVE, 收益: 37717.808219178086001369863
2025-07-07 08:56:45,309 INFO root 📈 处理持仓: 活期-人民币, 状态: PositionStatus.ACTIVE, 收益: 0
2025-07-07 08:56:45,310 INFO root 📈 处理持仓: 浦发三年定期, 状态: PositionStatus.ACTIVE, 收益: 26284.931506849316021917808
2025-07-07 08:56:45,311 INFO root 📈 处理持仓: 浦发理财一年, 状态: PositionStatus.MATURED, 收益: 22000
2025-07-07 08:56:45,311 INFO root ✅ 成功处理 4 个持仓
