2025-06-24 22:56:59,713 DEBUG asyncio Using proactor: IocpProactor
2025-06-24 22:56:59,774 INFO wealth_lite.data.database 数据表创建完成
2025-06-24 22:56:59,775 INFO wealth_lite.data.database 索引创建完成
2025-06-24 22:56:59,776 INFO wealth_lite.data.database 数据库初始化完成: user_data\wealth_lite.db
2025-06-24 22:56:59,777 INFO wealth_lite.data.database 数据表创建完成
2025-06-24 22:56:59,778 INFO wealth_lite.data.database 索引创建完成
2025-06-24 22:56:59,778 INFO wealth_lite.data.database 数据库初始化完成: user_data\wealth_lite.db
2025-06-24 22:57:22,912 DEBUG root [create_asset] 参数: name=活期-人民币, type=AssetType.CASH, primary=, secondary=, currency=Currency.CNY, desc=, issuer=, credit=, ext={}
2025-06-24 22:57:22,914 INFO root [create_asset] 创建资产对象: Asset(活期-人民币, 现金及等价物)
2025-06-24 22:57:22,914 DEBUG root [AssetRepository.create] SQL: INSERT INTO assets (
                    asset_id, asset_name, asset_type, primary_category, 
                    secondary_category, currency, description, issuer, 
                    credit_rating, extended_attributes
                ) VALUES (?, ?, ?, ?, ?, ?, ?, ?, ?, ?) | params: ('14cfad44-0fb3-4b41-81eb-971a2a1e8dc3', '活期-人民币', '现金及等价物', '现金及等价物', '', '人民币', '', '', '', None)
2025-06-24 22:57:23,005 INFO root [AssetRepository.create] 资产插入成功: 14cfad44-0fb3-4b41-81eb-971a2a1e8dc3
2025-06-24 22:57:23,005 INFO root [create_asset] 资产已保存到数据库: 14cfad44-0fb3-4b41-81eb-971a2a1e8dc3
2025-06-24 23:14:22,685 DEBUG asyncio Using proactor: IocpProactor
2025-06-24 23:14:22,761 INFO wealth_lite.data.database 数据表创建完成
2025-06-24 23:14:22,762 INFO wealth_lite.data.database 索引创建完成
2025-06-24 23:14:22,762 INFO wealth_lite.data.database 数据库初始化完成: user_data\wealth_lite.db
2025-06-24 23:14:22,763 INFO wealth_lite.data.database 数据表创建完成
2025-06-24 23:14:22,764 INFO wealth_lite.data.database 索引创建完成
2025-06-24 23:14:22,765 INFO wealth_lite.data.database 数据库初始化完成: user_data\wealth_lite.db
2025-06-24 23:20:39,058 DEBUG root [create_asset] 参数: name=活期-人民币, type=AssetType.CASH, primary=, secondary=, currency=Currency.CNY, desc=, issuer=, credit=, ext={}
2025-06-24 23:20:39,059 INFO root [create_asset] 创建资产对象: Asset(活期-人民币, 现金及等价物)
2025-06-24 23:20:39,059 DEBUG root [AssetRepository.create] SQL: INSERT INTO assets (
                    asset_id, asset_name, asset_type, primary_category, 
                    secondary_category, currency, description, issuer, 
                    credit_rating, extended_attributes
                ) VALUES (?, ?, ?, ?, ?, ?, ?, ?, ?, ?) | params: ('c409bded-126a-4a22-bcb4-a1a0c317c81e', '活期-人民币', '现金及等价物', '现金及等价物', '', '人民币', '', '', '', None)
2025-06-24 23:20:39,146 INFO root [AssetRepository.create] 资产插入成功: c409bded-126a-4a22-bcb4-a1a0c317c81e
2025-06-24 23:20:39,146 INFO root [create_asset] 资产已保存到数据库: c409bded-126a-4a22-bcb4-a1a0c317c81e
2025-06-24 23:21:07,386 DEBUG root [create_asset] 参数: name=活期-人民币, type=AssetType.CASH, primary=, secondary=, currency=Currency.CNY, desc=, issuer=, credit=, ext={}
2025-06-24 23:21:07,388 INFO root [create_asset] 创建资产对象: Asset(活期-人民币, 现金及等价物)
2025-06-24 23:21:07,388 DEBUG root [AssetRepository.create] SQL: INSERT INTO assets (
                    asset_id, asset_name, asset_type, primary_category, 
                    secondary_category, currency, description, issuer, 
                    credit_rating, extended_attributes
                ) VALUES (?, ?, ?, ?, ?, ?, ?, ?, ?, ?) | params: ('23bc39c2-01a9-42eb-b89e-052d1de7e3ee', '活期-人民币', '现金及等价物', '现金及等价物', '', '人民币', '', '', '', None)
2025-06-24 23:21:07,489 INFO root [AssetRepository.create] 资产插入成功: 23bc39c2-01a9-42eb-b89e-052d1de7e3ee
2025-06-24 23:21:07,489 INFO root [create_asset] 资产已保存到数据库: 23bc39c2-01a9-42eb-b89e-052d1de7e3ee
2025-06-24 23:22:35,534 DEBUG root [create_asset] 参数: name=活期-人民币, type=AssetType.CASH, primary=, secondary=, currency=Currency.CNY, desc=, issuer=, credit=, ext={}
2025-06-24 23:22:35,535 INFO root [create_asset] 创建资产对象: Asset(活期-人民币, 现金及等价物)
2025-06-24 23:22:35,535 DEBUG root [AssetRepository.create] SQL: INSERT INTO assets (
                    asset_id, asset_name, asset_type, primary_category, 
                    secondary_category, currency, description, issuer, 
                    credit_rating, extended_attributes
                ) VALUES (?, ?, ?, ?, ?, ?, ?, ?, ?, ?) | params: ('b5c1b0d7-69fd-48c4-aed0-f7b4660b294b', '活期-人民币', '现金及等价物', '现金及等价物', '', '人民币', '', '', '', None)
2025-06-24 23:22:35,643 INFO root [AssetRepository.create] 资产插入成功: b5c1b0d7-69fd-48c4-aed0-f7b4660b294b
2025-06-24 23:22:35,644 INFO root [create_asset] 资产已保存到数据库: b5c1b0d7-69fd-48c4-aed0-f7b4660b294b
2025-06-24 23:26:42,361 DEBUG asyncio Using proactor: IocpProactor
2025-06-24 23:26:42,423 INFO wealth_lite.data.database 数据表创建完成
2025-06-24 23:26:42,424 INFO wealth_lite.data.database 索引创建完成
2025-06-24 23:26:42,424 INFO wealth_lite.data.database 数据库初始化完成: user_data\wealth_lite.db
2025-06-24 23:26:42,426 INFO wealth_lite.data.database 数据表创建完成
2025-06-24 23:26:42,427 INFO wealth_lite.data.database 索引创建完成
2025-06-24 23:26:42,427 INFO wealth_lite.data.database 数据库初始化完成: user_data\wealth_lite.db
2025-06-24 23:51:24,415 DEBUG asyncio Using proactor: IocpProactor
2025-06-24 23:51:24,481 INFO wealth_lite.data.database 数据表创建完成
2025-06-24 23:51:24,482 INFO wealth_lite.data.database 索引创建完成
2025-06-24 23:51:24,483 INFO wealth_lite.data.database 数据库初始化完成: user_data\wealth_lite.db
2025-06-24 23:51:24,484 INFO wealth_lite.data.database 数据表创建完成
2025-06-24 23:51:24,485 INFO wealth_lite.data.database 索引创建完成
2025-06-24 23:51:24,486 INFO wealth_lite.data.database 数据库初始化完成: user_data\wealth_lite.db
2025-06-24 23:57:00,623 DEBUG asyncio Using proactor: IocpProactor
2025-06-24 23:57:00,682 INFO wealth_lite.data.database 数据表创建完成
2025-06-24 23:57:00,683 INFO wealth_lite.data.database 索引创建完成
2025-06-24 23:57:00,684 INFO wealth_lite.data.database 数据库初始化完成: user_data\wealth_lite.db
2025-06-24 23:57:00,685 INFO wealth_lite.data.database 数据表创建完成
2025-06-24 23:57:00,687 INFO wealth_lite.data.database 索引创建完成
2025-06-24 23:57:00,687 INFO wealth_lite.data.database 数据库初始化完成: user_data\wealth_lite.db
